Flow report for device
Wed Jan 10 00:56:43 2024
Quartus Prime Version 23.1std.0 Build 991 11/28/2023 SC Lite Edition


---------------------
; Table of Contents ;
---------------------
  1. Legal Notice
  2. Flow Summary
  3. Flow Settings
  4. Flow Non-Default Global Settings
  5. Flow Elapsed Time
  6. Flow OS Summary
  7. Flow Log
  8. Flow Messages
  9. Flow Suppressed Messages



----------------
; Legal Notice ;
----------------
Copyright (C) 2023  Intel Corporation. All rights reserved.
Your use of Intel Corporation's design tools, logic functions 
and other software and tools, and any partner logic 
functions, and any output files from any of the foregoing 
(including device programming or simulation files), and any 
associated documentation or information are expressly subject 
to the terms and conditions of the Intel Program License 
Subscription Agreement, the Intel Quartus Prime License Agreement,
the Intel FPGA IP License Agreement, or other applicable license
agreement, including, without limitation, that your use is for
the sole purpose of programming logic devices manufactured by
Intel and sold by Intel or its authorized distributors.  Please
refer to the applicable agreement for further details, at
https://fpgasoftware.intel.com/eula.



+-------------------------------------------------------------------------------------+
; Flow Summary                                                                        ;
+------------------------------------+------------------------------------------------+
; Flow Status                        ; Successful - Wed Jan 10 00:56:43 2024          ;
; Quartus Prime Version              ; 23.1std.0 Build 991 11/28/2023 SC Lite Edition ;
; Revision Name                      ; device                                         ;
; Top-level Entity Name              ; device                                         ;
; Family                             ; Cyclone IV GX                                  ;
; Device                             ; EP4CGX15BF14A7                                 ;
; Timing Models                      ; Final                                          ;
; Total logic elements               ; 413 / 14,400 ( 3 % )                           ;
;     Total combinational functions  ; 410 / 14,400 ( 3 % )                           ;
;     Dedicated logic registers      ; 68 / 14,400 ( < 1 % )                          ;
; Total registers                    ; 68                                             ;
; Total pins                         ; 44 / 81 ( 54 % )                               ;
; Total virtual pins                 ; 0                                              ;
; Total memory bits                  ; 0 / 552,960 ( 0 % )                            ;
; Embedded Multiplier 9-bit elements ; 0                                              ;
; Total GXB Receiver Channel PCS     ; 0 / 2 ( 0 % )                                  ;
; Total GXB Receiver Channel PMA     ; 0 / 2 ( 0 % )                                  ;
; Total GXB Transmitter Channel PCS  ; 0 / 2 ( 0 % )                                  ;
; Total GXB Transmitter Channel PMA  ; 0 / 2 ( 0 % )                                  ;
; Total PLLs                         ; 0 / 3 ( 0 % )                                  ;
+------------------------------------+------------------------------------------------+


+-----------------------------------------+
; Flow Settings                           ;
+-------------------+---------------------+
; Option            ; Setting             ;
+-------------------+---------------------+
; Start date & time ; 01/10/2024 00:56:23 ;
; Main task         ; Compilation         ;
; Revision Name     ; device              ;
+-------------------+---------------------+


+------------------------------------------------------------------------------------------------------------------------------------------------+
; Flow Non-Default Global Settings                                                                                                               ;
+-------------------------------------+----------------------------------------+---------------+-------------+-----------------------------------+
; Assignment Name                     ; Value                                  ; Default Value ; Entity Name ; Section Id                        ;
+-------------------------------------+----------------------------------------+---------------+-------------+-----------------------------------+
; COMPILER_SIGNATURE_ID               ; 273661960151458.170483558320107        ; --            ; --          ; --                                ;
; EDA_GENERATE_FUNCTIONAL_NETLIST     ; Off                                    ; --            ; --          ; eda_board_design_timing           ;
; EDA_GENERATE_FUNCTIONAL_NETLIST     ; Off                                    ; --            ; --          ; eda_simulation                    ;
; EDA_GENERATE_FUNCTIONAL_NETLIST     ; Off                                    ; --            ; --          ; eda_board_design_boundary_scan    ;
; EDA_GENERATE_FUNCTIONAL_NETLIST     ; Off                                    ; --            ; --          ; eda_board_design_signal_integrity ;
; EDA_GENERATE_FUNCTIONAL_NETLIST     ; Off                                    ; --            ; --          ; eda_board_design_symbol           ;
; EDA_OUTPUT_DATA_FORMAT              ; Verilog Hdl                            ; --            ; --          ; eda_simulation                    ;
; EDA_SIMULATION_TOOL                 ; Questa Intel FPGA (Verilog)            ; <None>        ; --          ; --                                ;
; EDA_TIME_SCALE                      ; 1 ps                                   ; --            ; --          ; eda_simulation                    ;
; MAX_CORE_JUNCTION_TEMP              ; 125                                    ; --            ; --          ; --                                ;
; MIN_CORE_JUNCTION_TEMP              ; -40                                    ; --            ; --          ; --                                ;
; NOMINAL_CORE_SUPPLY_VOLTAGE         ; 1.2V                                   ; --            ; --          ; --                                ;
; PARTITION_COLOR                     ; -- (Not supported for targeted family) ; --            ; --          ; Top                               ;
; PARTITION_FITTER_PRESERVATION_LEVEL ; -- (Not supported for targeted family) ; --            ; --          ; Top                               ;
; PARTITION_NETLIST_TYPE              ; -- (Not supported for targeted family) ; --            ; --          ; Top                               ;
; POWER_BOARD_THERMAL_MODEL           ; None (CONSERVATIVE)                    ; --            ; --          ; --                                ;
; POWER_PRESET_COOLING_SOLUTION       ; 23 MM HEAT SINK WITH 200 LFPM AIRFLOW  ; --            ; --          ; --                                ;
; PROJECT_OUTPUT_DIRECTORY            ; output_files                           ; --            ; --          ; --                                ;
+-------------------------------------+----------------------------------------+---------------+-------------+-----------------------------------+


+--------------------------------------------------------------------------------------------------------------------------+
; Flow Elapsed Time                                                                                                        ;
+----------------------+--------------+-------------------------+---------------------+------------------------------------+
; Module Name          ; Elapsed Time ; Average Processors Used ; Peak Virtual Memory ; Total CPU Time (on all processors) ;
+----------------------+--------------+-------------------------+---------------------+------------------------------------+
; Analysis & Synthesis ; 00:00:07     ; 1.0                     ; 482 MB              ; 00:00:18                           ;
; Fitter               ; 00:00:06     ; 1.1                     ; 1030 MB             ; 00:00:08                           ;
; Assembler            ; 00:00:01     ; 1.0                     ; 422 MB              ; 00:00:01                           ;
; Timing Analyzer      ; 00:00:01     ; 1.0                     ; 462 MB              ; 00:00:01                           ;
; EDA Netlist Writer   ; 00:00:01     ; 1.0                     ; 668 MB              ; 00:00:01                           ;
; Total                ; 00:00:16     ; --                      ; --                  ; 00:00:29                           ;
+----------------------+--------------+-------------------------+---------------------+------------------------------------+


+--------------------------------------------------------------------------------------------------+
; Flow OS Summary                                                                                  ;
+----------------------+----------------------------+----------------+------------+----------------+
; Module Name          ; Machine Hostname           ; OS Name        ; OS Version ; Processor type ;
+----------------------+----------------------------+----------------+------------+----------------+
; Analysis & Synthesis ; sadra-ThinkPad-X1-Yoga-4th ; Ubuntu 22.04.3 ; 22         ; x86_64         ;
; Fitter               ; sadra-ThinkPad-X1-Yoga-4th ; Ubuntu 22.04.3 ; 22         ; x86_64         ;
; Assembler            ; sadra-ThinkPad-X1-Yoga-4th ; Ubuntu 22.04.3 ; 22         ; x86_64         ;
; Timing Analyzer      ; sadra-ThinkPad-X1-Yoga-4th ; Ubuntu 22.04.3 ; 22         ; x86_64         ;
; EDA Netlist Writer   ; sadra-ThinkPad-X1-Yoga-4th ; Ubuntu 22.04.3 ; 22         ; x86_64         ;
+----------------------+----------------------------+----------------+------------+----------------+


------------
; Flow Log ;
------------
quartus_map --read_settings_files=on --write_settings_files=off device -c device
quartus_fit --read_settings_files=off --write_settings_files=off device -c device
quartus_asm --read_settings_files=off --write_settings_files=off device -c device
quartus_sta device -c device
quartus_eda --read_settings_files=off --write_settings_files=off device -c device



